<?xml version="1.0" encoding="utf-8"?><testsuites><testsuite errors="0" failures="0" hostname="hyl-PC" name="pytest" skipped="0" tests="2" time="3.787" timestamp="2021-08-15T13:39:27.854315"><testcase classname="testcases.test_Empty.TestEmpty" file="testcases\test_Empty.py" line="32" name="test_firstOne[test-test-test]" time="1.432"></testcase><testcase classname="testcases.test_Empty.TestEmpty" file="testcases\test_Empty.py" line="38" name="test_second[test-test-test]" time="2.090"></testcase></testsuite></testsuites>